<?xml version="1.0" encoding="UTF-8"?>
<!-- Generated by org.testng.reporters.JUnitReportReporter -->
<testsuite skipped="0" hostname="dmarroquin" name="com.ifs.tests.HomePageTest" tests="3" failures="0" timestamp="20 abr 2017 16:31:04 GMT" time="14.111" errors="0">
  <testcase name="verifyLoadHomePage" time="6.523" classname="com.ifs.tests.HomePageTest"/>
  <testcase name="verifyNavEN" time="2.251" classname="com.ifs.tests.HomePageTest"/>
  <testcase name="verifyNavES" time="5.337" classname="com.ifs.tests.HomePageTest"/>
</testsuite> <!-- com.ifs.tests.HomePageTest -->
