<?xml version="1.0" encoding="UTF-8"?>
<!-- Generated by org.testng.reporters.JUnitReportReporter -->
<testsuite hostname="Mac-mini-de-OUBILLUS.local" failures="0" tests="1" name="com.ifs.tests.SupportSectionTest" time="0.000" errors="0" timestamp="06 Dec 2017 17:19:35 GMT" skipped="1">
  <testcase classname="com.ifs.tests.SupportSectionTest" name="verifyCreateAnAccounPage" time="0.000">
    <skipped/>
  </testcase> <!-- verifyCreateAnAccounPage -->
</testsuite> <!-- com.ifs.tests.SupportSectionTest -->
