<?xml version="1.0" encoding="UTF-8"?>
<!-- Generated by org.testng.reporters.JUnitReportReporter -->
<testsuite name="com.ifs.tests.LoginSupportHub" tests="1" time="2.566" ignored="0" failures="0" timestamp="13 sep 2017 21:19:56 GMT" skipped="0" hostname="oubillus" errors="0">
  <testcase name="verifyLoadHomePage" time="2.566" classname="com.ifs.tests.LoginSupportHub"/>
</testsuite> <!-- com.ifs.tests.LoginSupportHub -->
